<?xml version="1.0" encoding="UTF-8"?>
<!-- Generated by org.testng.reporters.JUnitReportReporter -->
<testsuite hostname="DESKTOP-GICQ57T" failures="0" tests="1" name="ob.qa.test.testNGJangu.Abay_Advanced_Search_Sanity" time="13.878" errors="0" timestamp="2021-12-29T00:31:22 CET" skipped="0">
  <testcase classname="ob.qa.test.testNGJangu.Abay_Advanced_Search_Sanity" name="ebay_logo_link_navigate_home_page_test" time="13.878"/>
  <system-out/>
</testsuite> <!-- ob.qa.test.testNGJangu.Abay_Advanced_Search_Sanity -->
