<?xml version="1.0" encoding="UTF-8"?>
<!-- Generated by org.testng.reporters.JUnitReportReporter -->
<testsuite hostname="DESKTOP-GICQ57T" failures="0" tests="5" name="ob.qa.test.testNGJangu.Demo_Test" time="0.045" errors="0" timestamp="2021-12-26T01:47:48 CET" skipped="0">
  <testcase classname="ob.qa.test.testNGJangu.Demo_Test" name="test1" time="0.016"/>
  <system-out/>
  <testcase classname="ob.qa.test.testNGJangu.Demo_Test" name="test4" time="0.006"/>
  <system-out/>
  <testcase classname="ob.qa.test.testNGJangu.Demo_Test" name="test2" time="0.006"/>
  <system-out/>
  <testcase classname="ob.qa.test.testNGJangu.Demo_Test" name="test3" time="0.006"/>
  <system-out/>
  <testcase classname="ob.qa.test.testNGJangu.Demo_Test" name="test5" time="0.011"/>
  <system-out/>
</testsuite> <!-- ob.qa.test.testNGJangu.Demo_Test -->
