<?xml version="1.0" encoding="UTF-8"?>
<!-- Generated by org.testng.reporters.JUnitReportReporter -->
<testsuite hostname="DESKTOP-GICQ57T" failures="0" tests="2" name="ob.qa.test.testNGJangu.EBayHome_Sanity" time="34.704" errors="0" timestamp="2021-12-29T00:28:08 CET" skipped="0">
  <testcase classname="ob.qa.test.testNGJangu.EBayHome_Sanity" name="empty_Search_test_softassert" time="17.610"/>
  <system-out/>
  <testcase classname="ob.qa.test.testNGJangu.EBayHome_Sanity" name="empty_Search_test" time="17.094"/>
  <system-out/>
</testsuite> <!-- ob.qa.test.testNGJangu.EBayHome_Sanity -->
